<?xml version="1.0" encoding="UTF-8"?>
<testsuite xmlns:xsi="http://www.w3.org/2001/XMLSchema-instance" xsi:noNamespaceSchemaLocation="https://maven.apache.org/surefire/maven-surefire-plugin/xsd/surefire-test-report.xsd" name="Parallel01IT" time="20.856" tests="6" errors="0" skipped="0" failures="0">
  <properties>
[...]
</properties>
  <testcase name="Given I am on the autoPractice Page" classname="Scenario: Create an Account and Login" time="0"/>
  <testcase name="When I click on the login button" classname="Scenario: Create an Account and Login" time="0"/>
  <testcase name="And I enter required details for account creation" classname="Scenario: Create an Account and Login" time="0"/>
  <testcase name="Then I should be able to successfully create an account with &quot;customer firstName&quot; displayed at the top page" classname="Scenario: Create an Account and Login" time="0"/>
  <testcase name="And I should be navigated to &quot;my account&quot; page" classname="Scenario: Create an Account and Login" time="0"/>
  <testcase name="Scenario: Create an Account and Login" classname="Scenario: Create an Account and Login" time="0"/>
</testsuite>